Performing C SOURCE FILE Test CMAKE_HAVE_LIBC_PTHREAD failed with the following output:
Change Dir: /home/cscomarch/Pobrane/src/build/CMakeFiles/CMakeTmp

Run Build Command(s):/usr/bin/make cmTC_117f2/fast && /usr/bin/make -f CMakeFiles/cmTC_117f2.dir/build.make CMakeFiles/cmTC_117f2.dir/build
make[1]: Wejście do katalogu '/home/cscomarch/Pobrane/src/build/CMakeFiles/CMakeTmp'
Building C object CMakeFiles/cmTC_117f2.dir/src.c.o
/usr/bin/cc   -m64 -DCMAKE_HAVE_LIBC_PTHREAD   -o CMakeFiles/cmTC_117f2.dir/src.c.o   -c /home/cscomarch/Pobrane/src/build/CMakeFiles/CMakeTmp/src.c
Linking C executable cmTC_117f2
/usr/bin/cmake -E cmake_link_script CMakeFiles/cmTC_117f2.dir/link.txt --verbose=1
/usr/bin/cc  -m64 -DCMAKE_HAVE_LIBC_PTHREAD    CMakeFiles/cmTC_117f2.dir/src.c.o  -o cmTC_117f2 
CMakeFiles/cmTC_117f2.dir/src.c.o: In function `main':
src.c:(.text+0x3e): undefined reference to `pthread_create'
src.c:(.text+0x4a): undefined reference to `pthread_detach'
src.c:(.text+0x5b): undefined reference to `pthread_join'
src.c:(.text+0x6f): undefined reference to `pthread_atfork'
collect2: error: ld returned 1 exit status
CMakeFiles/cmTC_117f2.dir/build.make:86: recipe for target 'cmTC_117f2' failed
make[1]: *** [cmTC_117f2] Error 1
make[1]: Opuszczenie katalogu '/home/cscomarch/Pobrane/src/build/CMakeFiles/CMakeTmp'
Makefile:121: recipe for target 'cmTC_117f2/fast' failed
make: *** [cmTC_117f2/fast] Error 2


Source file was:
#include <pthread.h>

void* test_func(void* data)
{
  return data;
}

int main(void)
{
  pthread_t thread;
  pthread_create(&thread, NULL, test_func, NULL);
  pthread_detach(thread);
  pthread_join(thread, NULL);
  pthread_atfork(NULL, NULL, NULL);
  pthread_exit(NULL);

  return 0;
}

Determining if the function pthread_create exists in the pthreads failed with the following output:
Change Dir: /home/cscomarch/Pobrane/src/build/CMakeFiles/CMakeTmp

Run Build Command(s):/usr/bin/make cmTC_e30cb/fast && /usr/bin/make -f CMakeFiles/cmTC_e30cb.dir/build.make CMakeFiles/cmTC_e30cb.dir/build
make[1]: Wejście do katalogu '/home/cscomarch/Pobrane/src/build/CMakeFiles/CMakeTmp'
Building C object CMakeFiles/cmTC_e30cb.dir/CheckFunctionExists.c.o
/usr/bin/cc   -m64 -DCHECK_FUNCTION_EXISTS=pthread_create   -o CMakeFiles/cmTC_e30cb.dir/CheckFunctionExists.c.o   -c /usr/share/cmake-3.15/Modules/CheckFunctionExists.c
Linking C executable cmTC_e30cb
/usr/bin/cmake -E cmake_link_script CMakeFiles/cmTC_e30cb.dir/link.txt --verbose=1
/usr/bin/cc  -m64 -DCHECK_FUNCTION_EXISTS=pthread_create    CMakeFiles/cmTC_e30cb.dir/CheckFunctionExists.c.o  -o cmTC_e30cb -lpthreads 
/usr/bin/ld: cannot find -lpthreads
collect2: error: ld returned 1 exit status
CMakeFiles/cmTC_e30cb.dir/build.make:86: recipe for target 'cmTC_e30cb' failed
make[1]: *** [cmTC_e30cb] Error 1
make[1]: Opuszczenie katalogu '/home/cscomarch/Pobrane/src/build/CMakeFiles/CMakeTmp'
Makefile:121: recipe for target 'cmTC_e30cb/fast' failed
make: *** [cmTC_e30cb/fast] Error 2



